<?xml version="1.0" encoding="UTF-8"?>
<!-- Generated by org.testng.reporters.JUnitReportReporter -->
<testsuite hostname="QSP" failures="0" tests="3" name="testng.Parallel" time="80.673" errors="0" timestamp="2021-11-12T07:36:50 IST" skipped="0">
  <testcase classname="testng.Parallel" name="tc1" time="16.443"/>
  <testcase classname="testng.Parallel" name="tc1" time="45.900"/>
  <testcase classname="testng.Parallel" name="tc1" time="18.330"/>
</testsuite> <!-- testng.Parallel -->
