<?xml version="1.0" encoding="UTF-8"?>
<!-- Generated by org.testng.reporters.JUnitReportReporter -->
<testsuite hostname="QSP" failures="0" tests="1" name="testng.Test0" time="0.001" errors="0" timestamp="2021-11-11T07:56:55 IST" skipped="0">
  <testcase classname="testng.Test0" name="demo9" time="0.001"/>
</testsuite> <!-- testng.Test0 -->
