<?xml version="1.0" encoding="UTF-8"?>
<!-- Generated by org.testng.reporters.JUnitReportReporter -->
<testsuite hostname="QSP" failures="0" tests="5" name="testng.Test1" time="0.021" errors="0" timestamp="2021-11-11T07:56:55 IST" skipped="1">
  <testcase classname="testng.Test1" name="chats" time="0.007"/>
  <testcase classname="testng.Test1" name="call" time="0.008"/>
  <testcase classname="testng.Test1" name="call" time="0.002"/>
  <testcase classname="testng.Test1" name="call" time="0.004"/>
  <testcase classname="testng.Test1" name="settings">
    <skipped/>
  </testcase> <!-- settings -->
</testsuite> <!-- testng.Test1 -->
