<?xml version="1.0" encoding="UTF-8"?>
<!-- Generated by org.testng.reporters.JUnitReportReporter -->
<testsuite hostname="QSP" failures="0" tests="1" name="testng.Testcase2" time="16.498" errors="0" timestamp="2021-11-11T07:56:55 IST" skipped="0">
  <testcase classname="testng.Testcase2" name="tc2" time="16.498"/>
</testsuite> <!-- testng.Testcase2 -->
